[Fri Nov 15 09:18:14.535941 2024] [ssl:warn] [pid 23024:tid 420] AH01909: www.example.com:443:0 server certificate does NOT include an ID which matches the server name
[Fri Nov 15 09:18:14.584683 2024] [ssl:warn] [pid 23024:tid 420] AH01909: www.example.com:443:0 server certificate does NOT include an ID which matches the server name
[Fri Nov 15 09:18:15.056087 2024] [mpm_winnt:notice] [pid 23024:tid 420] AH00455: Apache/2.4.58 (Win64) OpenSSL/3.1.3 PHP/8.2.12 configured -- resuming normal operations
[Fri Nov 15 09:18:15.056087 2024] [mpm_winnt:notice] [pid 23024:tid 420] AH00456: Apache Lounge VS17 Server built: Oct 18 2023 13:03:18
[Fri Nov 15 09:18:15.056087 2024] [core:notice] [pid 23024:tid 420] AH00094: Command line: 'c:\\users\\user\\desktop\\tecnologie web\\xampp\\apache\\bin\\httpd.exe -d C:/Users/user/Desktop/Tecnologie Web/xampp/apache'
[Fri Nov 15 09:18:15.066146 2024] [mpm_winnt:notice] [pid 23024:tid 420] AH00418: Parent: Created child process 23784
[Fri Nov 15 09:18:15.314142 2024] [ssl:warn] [pid 23784:tid 380] AH01909: www.example.com:443:0 server certificate does NOT include an ID which matches the server name
[Fri Nov 15 09:18:15.347355 2024] [ssl:warn] [pid 23784:tid 380] AH01909: www.example.com:443:0 server certificate does NOT include an ID which matches the server name
[Fri Nov 15 09:18:15.378652 2024] [mpm_winnt:notice] [pid 23784:tid 380] AH00354: Child: Starting 150 worker threads.
[Fri Nov 15 09:26:27.695809 2024] [php:error] [pid 23784:tid 1916] [client ::1:60127] PHP Fatal error:  Uncaught mysqli_sql_exception: Access denied for user 'root'@'localhost' (using password: NO) in C:\\Users\\user\\Desktop\\Tecnologie Web\\xampp\\htdocs\\04-lab-php\\php\\db\\database.php:7\nStack trace:\n#0 C:\\Users\\user\\Desktop\\Tecnologie Web\\xampp\\htdocs\\04-lab-php\\php\\db\\database.php(7): mysqli->__construct('localhost', 'root', Object(SensitiveParameterValue), 'blogtw', 3306)\n#1 C:\\Users\\user\\Desktop\\Tecnologie Web\\xampp\\htdocs\\04-lab-php\\php\\bootstrap.php(3): DatabaseHelper->__construct('localhost', 'root', '', 'blogtw', 3306)\n#2 C:\\Users\\user\\Desktop\\Tecnologie Web\\xampp\\htdocs\\04-lab-php\\php\\index.php(2): require_once('C:\\\\Users\\\\user\\\\D...')\n#3 {main}\n  thrown in C:\\Users\\user\\Desktop\\Tecnologie Web\\xampp\\htdocs\\04-lab-php\\php\\db\\database.php on line 7
[Fri Nov 15 09:26:37.242798 2024] [php:error] [pid 23784:tid 1912] [client ::1:60134] PHP Fatal error:  Uncaught mysqli_sql_exception: Access denied for user 'root'@'localhost' (using password: NO) in C:\\Users\\user\\Desktop\\Tecnologie Web\\xampp\\htdocs\\04-lab-php\\php\\db\\database.php:7\nStack trace:\n#0 C:\\Users\\user\\Desktop\\Tecnologie Web\\xampp\\htdocs\\04-lab-php\\php\\db\\database.php(7): mysqli->__construct('localhost', 'root', Object(SensitiveParameterValue), 'blogtw', 3306)\n#1 C:\\Users\\user\\Desktop\\Tecnologie Web\\xampp\\htdocs\\04-lab-php\\php\\bootstrap.php(3): DatabaseHelper->__construct('localhost', 'root', '', 'blogtw', 3306)\n#2 C:\\Users\\user\\Desktop\\Tecnologie Web\\xampp\\htdocs\\04-lab-php\\php\\index.php(2): require_once('C:\\\\Users\\\\user\\\\D...')\n#3 {main}\n  thrown in C:\\Users\\user\\Desktop\\Tecnologie Web\\xampp\\htdocs\\04-lab-php\\php\\db\\database.php on line 7
[Fri Nov 15 09:34:17.160199 2024] [php:error] [pid 23784:tid 1916] [client ::1:60177] PHP Fatal error:  Uncaught mysqli_sql_exception: Access denied for user 'root'@'localhost' (using password: YES) in C:\\Users\\user\\Desktop\\Tecnologie Web\\xampp\\htdocs\\04-lab-php\\php\\db\\database.php:7\nStack trace:\n#0 C:\\Users\\user\\Desktop\\Tecnologie Web\\xampp\\htdocs\\04-lab-php\\php\\db\\database.php(7): mysqli->__construct('localhost', 'root', Object(SensitiveParameterValue), 'blogtw', 3307)\n#1 C:\\Users\\user\\Desktop\\Tecnologie Web\\xampp\\htdocs\\04-lab-php\\php\\bootstrap.php(3): DatabaseHelper->__construct('localhost', 'root', 'AsiaP200302.', 'blogtw', 3307)\n#2 C:\\Users\\user\\Desktop\\Tecnologie Web\\xampp\\htdocs\\04-lab-php\\php\\index.php(2): require_once('C:\\\\Users\\\\user\\\\D...')\n#3 {main}\n  thrown in C:\\Users\\user\\Desktop\\Tecnologie Web\\xampp\\htdocs\\04-lab-php\\php\\db\\database.php on line 7
[Fri Nov 15 09:34:20.778600 2024] [php:error] [pid 23784:tid 1916] [client ::1:60177] PHP Fatal error:  Uncaught mysqli_sql_exception: Access denied for user 'root'@'localhost' (using password: YES) in C:\\Users\\user\\Desktop\\Tecnologie Web\\xampp\\htdocs\\04-lab-php\\php\\db\\database.php:7\nStack trace:\n#0 C:\\Users\\user\\Desktop\\Tecnologie Web\\xampp\\htdocs\\04-lab-php\\php\\db\\database.php(7): mysqli->__construct('localhost', 'root', Object(SensitiveParameterValue), 'blogtw', 3307)\n#1 C:\\Users\\user\\Desktop\\Tecnologie Web\\xampp\\htdocs\\04-lab-php\\php\\bootstrap.php(3): DatabaseHelper->__construct('localhost', 'root', 'AsiaP200302.', 'blogtw', 3307)\n#2 C:\\Users\\user\\Desktop\\Tecnologie Web\\xampp\\htdocs\\04-lab-php\\php\\index.php(2): require_once('C:\\\\Users\\\\user\\\\D...')\n#3 {main}\n  thrown in C:\\Users\\user\\Desktop\\Tecnologie Web\\xampp\\htdocs\\04-lab-php\\php\\db\\database.php on line 7
[Fri Nov 15 09:52:42.787822 2024] [php:error] [pid 23784:tid 1876] [client ::1:60409] PHP Fatal error:  Uncaught mysqli_sql_exception: Impossibile stabilire la connessione. Rifiuto persistente del computer di destinazione in C:\\Users\\user\\Desktop\\Tecnologie Web\\xampp\\htdocs\\04-lab-php\\php\\db\\database.php:7\nStack trace:\n#0 C:\\Users\\user\\Desktop\\Tecnologie Web\\xampp\\htdocs\\04-lab-php\\php\\db\\database.php(7): mysqli->__construct('localhost', 'root', Object(SensitiveParameterValue), 'blogtw', 3307)\n#1 C:\\Users\\user\\Desktop\\Tecnologie Web\\xampp\\htdocs\\04-lab-php\\php\\bootstrap.php(3): DatabaseHelper->__construct('localhost', 'root', 'AsiaP200302.', 'blogtw', 3307)\n#2 C:\\Users\\user\\Desktop\\Tecnologie Web\\xampp\\htdocs\\04-lab-php\\php\\index.php(2): require_once('C:\\\\Users\\\\user\\\\D...')\n#3 {main}\n  thrown in C:\\Users\\user\\Desktop\\Tecnologie Web\\xampp\\htdocs\\04-lab-php\\php\\db\\database.php on line 7
[Fri Nov 15 09:53:14.875503 2024] [php:error] [pid 23784:tid 1896] [client ::1:60410] PHP Fatal error:  Uncaught mysqli_sql_exception: Unknown database 'blogtw' in C:\\Users\\user\\Desktop\\Tecnologie Web\\xampp\\htdocs\\04-lab-php\\php\\db\\database.php:7\nStack trace:\n#0 C:\\Users\\user\\Desktop\\Tecnologie Web\\xampp\\htdocs\\04-lab-php\\php\\db\\database.php(7): mysqli->__construct('localhost', 'root', Object(SensitiveParameterValue), 'blogtw', 3306)\n#1 C:\\Users\\user\\Desktop\\Tecnologie Web\\xampp\\htdocs\\04-lab-php\\php\\bootstrap.php(3): DatabaseHelper->__construct('localhost', 'root', '', 'blogtw', 3306)\n#2 C:\\Users\\user\\Desktop\\Tecnologie Web\\xampp\\htdocs\\04-lab-php\\php\\index.php(2): require_once('C:\\\\Users\\\\user\\\\D...')\n#3 {main}\n  thrown in C:\\Users\\user\\Desktop\\Tecnologie Web\\xampp\\htdocs\\04-lab-php\\php\\db\\database.php on line 7
[Fri Nov 15 09:57:27.043556 2024] [php:error] [pid 23784:tid 1892] [client ::1:60559] PHP Fatal error:  Uncaught Error: Call to undefined function isActive() in C:\\Users\\user\\Desktop\\Tecnologie Web\\xampp\\htdocs\\04-lab-php\\php\\template\\base.php:14\nStack trace:\n#0 C:\\Users\\user\\Desktop\\Tecnologie Web\\xampp\\htdocs\\04-lab-php\\php\\index.php(12): require()\n#1 {main}\n  thrown in C:\\Users\\user\\Desktop\\Tecnologie Web\\xampp\\htdocs\\04-lab-php\\php\\template\\base.php on line 14
[Fri Nov 15 10:01:44.554929 2024] [php:error] [pid 23784:tid 1824] [client ::1:60599] PHP Fatal error:  Uncaught Error: Call to undefined function isActive() in C:\\Users\\user\\Desktop\\Tecnologie Web\\xampp\\htdocs\\04-lab-php\\php\\template\\base.php:14\nStack trace:\n#0 C:\\Users\\user\\Desktop\\Tecnologie Web\\xampp\\htdocs\\04-lab-php\\php\\index.php(12): require()\n#1 {main}\n  thrown in C:\\Users\\user\\Desktop\\Tecnologie Web\\xampp\\htdocs\\04-lab-php\\php\\template\\base.php on line 14
[Fri Nov 15 10:04:38.400187 2024] [php:warn] [pid 23784:tid 1892] [client ::1:60617] PHP Warning:  require_once(utils/function.php): Failed to open stream: No such file or directory in C:\\Users\\user\\Desktop\\Tecnologie Web\\xampp\\htdocs\\04-lab-php\\php\\bootstrap.php on line 3
[Fri Nov 15 10:04:38.400187 2024] [php:error] [pid 23784:tid 1892] [client ::1:60617] PHP Fatal error:  Uncaught Error: Failed opening required 'utils/function.php' (include_path='C:\\Users\\user\\Desktop\\Tecnologie Web\\xampp\\php\\PEAR') in C:\\Users\\user\\Desktop\\Tecnologie Web\\xampp\\htdocs\\04-lab-php\\php\\bootstrap.php:3\nStack trace:\n#0 C:\\Users\\user\\Desktop\\Tecnologie Web\\xampp\\htdocs\\04-lab-php\\php\\index.php(2): require_once()\n#1 {main}\n  thrown in C:\\Users\\user\\Desktop\\Tecnologie Web\\xampp\\htdocs\\04-lab-php\\php\\bootstrap.php on line 3
[Fri Jan 17 11:10:02.235065 2025] [ssl:warn] [pid 17256:tid 372] AH01909: www.example.com:443:0 server certificate does NOT include an ID which matches the server name
[Fri Jan 17 11:10:02.283930 2025] [core:warn] [pid 17256:tid 372] AH00098: pid file C:/Users/user/Desktop/Tecnologie Web/xampp/apache/logs/httpd.pid overwritten -- Unclean shutdown of previous Apache run?
[Fri Jan 17 11:10:02.283930 2025] [ssl:warn] [pid 17256:tid 372] AH01909: www.example.com:443:0 server certificate does NOT include an ID which matches the server name
[Fri Jan 17 11:10:02.725361 2025] [mpm_winnt:notice] [pid 17256:tid 372] AH00455: Apache/2.4.58 (Win64) OpenSSL/3.1.3 PHP/8.2.12 configured -- resuming normal operations
[Fri Jan 17 11:10:02.725361 2025] [mpm_winnt:notice] [pid 17256:tid 372] AH00456: Apache Lounge VS17 Server built: Oct 18 2023 13:03:18
[Fri Jan 17 11:10:02.725361 2025] [core:notice] [pid 17256:tid 372] AH00094: Command line: 'c:\\users\\user\\desktop\\tecnologie web\\xampp\\apache\\bin\\httpd.exe -d C:/Users/user/Desktop/Tecnologie Web/xampp/apache'
[Fri Jan 17 11:10:02.725361 2025] [mpm_winnt:notice] [pid 17256:tid 372] AH00418: Parent: Created child process 16224
[Fri Jan 17 11:10:02.978569 2025] [ssl:warn] [pid 16224:tid 388] AH01909: www.example.com:443:0 server certificate does NOT include an ID which matches the server name
[Fri Jan 17 11:10:03.011840 2025] [ssl:warn] [pid 16224:tid 388] AH01909: www.example.com:443:0 server certificate does NOT include an ID which matches the server name
[Fri Jan 17 11:10:03.042163 2025] [mpm_winnt:notice] [pid 16224:tid 388] AH00354: Child: Starting 150 worker threads.
[Fri Jan 17 14:34:17.547075 2025] [php:error] [pid 16224:tid 1888] [client ::1:52562] PHP Fatal error:  Uncaught Error: Class "msqli" not found in C:\\Users\\user\\Desktop\\Tecnologie Web\\xampp\\htdocs\\Progetto_codice\\db\\database.php:6\nStack trace:\n#0 C:\\Users\\user\\Desktop\\Tecnologie Web\\xampp\\htdocs\\Progetto_codice\\bootstrap.php(6): DatabaseHelper->__construct('localhost', 'root', '', 'negozio_gelater...')\n#1 C:\\Users\\user\\Desktop\\Tecnologie Web\\xampp\\htdocs\\Progetto_codice\\index.php(2): require_once('C:\\\\Users\\\\user\\\\D...')\n#2 {main}\n  thrown in C:\\Users\\user\\Desktop\\Tecnologie Web\\xampp\\htdocs\\Progetto_codice\\db\\database.php on line 6
[Fri Jan 17 15:15:12.480728 2025] [php:error] [pid 16224:tid 1864] [client ::1:55215] PHP Parse error:  syntax error, unexpected token "require" in C:\\Users\\user\\Desktop\\Tecnologie Web\\xampp\\htdocs\\Progetto_codice\\index.php on line 7
[Sat Jan 18 15:14:36.287294 2025] [ssl:warn] [pid 19180:tid 400] AH01909: www.example.com:443:0 server certificate does NOT include an ID which matches the server name
[Sat Jan 18 15:14:36.334661 2025] [core:warn] [pid 19180:tid 400] AH00098: pid file C:/Users/user/Desktop/Tecnologie Web/xampp/apache/logs/httpd.pid overwritten -- Unclean shutdown of previous Apache run?
[Sat Jan 18 15:14:36.335996 2025] [ssl:warn] [pid 19180:tid 400] AH01909: www.example.com:443:0 server certificate does NOT include an ID which matches the server name
[Sat Jan 18 15:14:36.713373 2025] [mpm_winnt:notice] [pid 19180:tid 400] AH00455: Apache/2.4.58 (Win64) OpenSSL/3.1.3 PHP/8.2.12 configured -- resuming normal operations
[Sat Jan 18 15:14:36.713373 2025] [mpm_winnt:notice] [pid 19180:tid 400] AH00456: Apache Lounge VS17 Server built: Oct 18 2023 13:03:18
[Sat Jan 18 15:14:36.713373 2025] [core:notice] [pid 19180:tid 400] AH00094: Command line: 'c:\\users\\user\\desktop\\tecnologie web\\xampp\\apache\\bin\\httpd.exe -d C:/Users/user/Desktop/Tecnologie Web/xampp/apache'
[Sat Jan 18 15:14:36.713373 2025] [mpm_winnt:notice] [pid 19180:tid 400] AH00418: Parent: Created child process 17008
[Sat Jan 18 15:14:36.977423 2025] [ssl:warn] [pid 17008:tid 384] AH01909: www.example.com:443:0 server certificate does NOT include an ID which matches the server name
[Sat Jan 18 15:14:37.014191 2025] [ssl:warn] [pid 17008:tid 384] AH01909: www.example.com:443:0 server certificate does NOT include an ID which matches the server name
[Sat Jan 18 15:14:37.047213 2025] [mpm_winnt:notice] [pid 17008:tid 384] AH00354: Child: Starting 150 worker threads.
[Mon Jan 20 09:50:34.286731 2025] [ssl:warn] [pid 19356:tid 392] AH01909: www.example.com:443:0 server certificate does NOT include an ID which matches the server name
[Mon Jan 20 09:50:34.334090 2025] [core:warn] [pid 19356:tid 392] AH00098: pid file C:/Users/user/Desktop/Tecnologie Web/xampp/apache/logs/httpd.pid overwritten -- Unclean shutdown of previous Apache run?
[Mon Jan 20 09:50:34.334090 2025] [ssl:warn] [pid 19356:tid 392] AH01909: www.example.com:443:0 server certificate does NOT include an ID which matches the server name
[Mon Jan 20 09:50:34.759057 2025] [mpm_winnt:notice] [pid 19356:tid 392] AH00455: Apache/2.4.58 (Win64) OpenSSL/3.1.3 PHP/8.2.12 configured -- resuming normal operations
[Mon Jan 20 09:50:34.759057 2025] [mpm_winnt:notice] [pid 19356:tid 392] AH00456: Apache Lounge VS17 Server built: Oct 18 2023 13:03:18
[Mon Jan 20 09:50:34.759057 2025] [core:notice] [pid 19356:tid 392] AH00094: Command line: 'c:\\users\\user\\desktop\\tecnologie web\\xampp\\apache\\bin\\httpd.exe -d C:/Users/user/Desktop/Tecnologie Web/xampp/apache'
[Mon Jan 20 09:50:34.774594 2025] [mpm_winnt:notice] [pid 19356:tid 392] AH00418: Parent: Created child process 12912
[Mon Jan 20 09:50:34.994854 2025] [ssl:warn] [pid 12912:tid 392] AH01909: www.example.com:443:0 server certificate does NOT include an ID which matches the server name
[Mon Jan 20 09:50:35.026616 2025] [ssl:warn] [pid 12912:tid 392] AH01909: www.example.com:443:0 server certificate does NOT include an ID which matches the server name
[Mon Jan 20 09:50:35.057821 2025] [mpm_winnt:notice] [pid 12912:tid 392] AH00354: Child: Starting 150 worker threads.
